This is pdfTeX, Version 3.14159265-2.6-1.40.18 (TeX Live 2017) (preloaded format=pdflatex 2017.5.23)  24 DEC 2018 16:07
entering extended mode
 restricted \write18 enabled.
 file:line:error style messages enabled.
 %&-line parsing enabled.
**chazthm_ieee_trans_sig_CHAZ.tex
(./chazthm_ieee_trans_sig_CHAZ.tex
LaTeX2e <2017-04-15>
Babel <3.10> and hyphenation patterns for 84 language(s) loaded.
(./IEEEtran.cls
Document Class: IEEEtran 2015/08/26 V1.8b by Michael Shell
-- See the "IEEEtran_HOWTO" manual for usage information.
-- http://www.michaelshell.org/tex/ieeetran/
\@IEEEtrantmpdimenA=\dimen102
\@IEEEtrantmpdimenB=\dimen103
\@IEEEtrantmpdimenC=\dimen104
\@IEEEtrantmpcountA=\count79
\@IEEEtrantmpcountB=\count80
\@IEEEtrantmpcountC=\count81
\@IEEEtrantmptoksA=\toks14
LaTeX Font Info:    Try loading font information for OT1+ptm on input line 503.

(/usr/local/texlive/2017/texmf-dist/tex/latex/psnfss/ot1ptm.fd
File: ot1ptm.fd 2001/06/04 font definitions for OT1/ptm.
)
-- Using 8.5in x 11in (letter) paper.
-- Using PDF output.
\@IEEEnormalsizeunitybaselineskip=\dimen105
-- This is a 10 point document.
\CLASSINFOnormalsizebaselineskip=\dimen106
\CLASSINFOnormalsizeunitybaselineskip=\dimen107
\IEEEnormaljot=\dimen108
LaTeX Font Info:    Font shape `OT1/ptm/bx/n' in size <5> not available
(Font)              Font shape `OT1/ptm/b/n' tried instead on input line 1090.
LaTeX Font Info:    Font shape `OT1/ptm/bx/it' in size <5> not available
(Font)              Font shape `OT1/ptm/b/it' tried instead on input line 1090.

LaTeX Font Info:    Font shape `OT1/ptm/bx/n' in size <7> not available
(Font)              Font shape `OT1/ptm/b/n' tried instead on input line 1090.
LaTeX Font Info:    Font shape `OT1/ptm/bx/it' in size <7> not available
(Font)              Font shape `OT1/ptm/b/it' tried instead on input line 1090.

LaTeX Font Info:    Font shape `OT1/ptm/bx/n' in size <8> not available
(Font)              Font shape `OT1/ptm/b/n' tried instead on input line 1090.
LaTeX Font Info:    Font shape `OT1/ptm/bx/it' in size <8> not available
(Font)              Font shape `OT1/ptm/b/it' tried instead on input line 1090.

LaTeX Font Info:    Font shape `OT1/ptm/bx/n' in size <9> not available
(Font)              Font shape `OT1/ptm/b/n' tried instead on input line 1090.
LaTeX Font Info:    Font shape `OT1/ptm/bx/it' in size <9> not available
(Font)              Font shape `OT1/ptm/b/it' tried instead on input line 1090.

LaTeX Font Info:    Font shape `OT1/ptm/bx/n' in size <10> not available
(Font)              Font shape `OT1/ptm/b/n' tried instead on input line 1090.
LaTeX Font Info:    Font shape `OT1/ptm/bx/it' in size <10> not available
(Font)              Font shape `OT1/ptm/b/it' tried instead on input line 1090.

LaTeX Font Info:    Font shape `OT1/ptm/bx/n' in size <11> not available
(Font)              Font shape `OT1/ptm/b/n' tried instead on input line 1090.
LaTeX Font Info:    Font shape `OT1/ptm/bx/it' in size <11> not available
(Font)              Font shape `OT1/ptm/b/it' tried instead on input line 1090.

LaTeX Font Info:    Font shape `OT1/ptm/bx/n' in size <12> not available
(Font)              Font shape `OT1/ptm/b/n' tried instead on input line 1090.
LaTeX Font Info:    Font shape `OT1/ptm/bx/it' in size <12> not available
(Font)              Font shape `OT1/ptm/b/it' tried instead on input line 1090.

LaTeX Font Info:    Font shape `OT1/ptm/bx/n' in size <17> not available
(Font)              Font shape `OT1/ptm/b/n' tried instead on input line 1090.
LaTeX Font Info:    Font shape `OT1/ptm/bx/it' in size <17> not available
(Font)              Font shape `OT1/ptm/b/it' tried instead on input line 1090.

LaTeX Font Info:    Font shape `OT1/ptm/bx/n' in size <20> not available
(Font)              Font shape `OT1/ptm/b/n' tried instead on input line 1090.
LaTeX Font Info:    Font shape `OT1/ptm/bx/it' in size <20> not available
(Font)              Font shape `OT1/ptm/b/it' tried instead on input line 1090.

LaTeX Font Info:    Font shape `OT1/ptm/bx/n' in size <24> not available
(Font)              Font shape `OT1/ptm/b/n' tried instead on input line 1090.
LaTeX Font Info:    Font shape `OT1/ptm/bx/it' in size <24> not available
(Font)              Font shape `OT1/ptm/b/it' tried instead on input line 1090.

\IEEEquantizedlength=\dimen109
\IEEEquantizedlengthdiff=\dimen110
\IEEEquantizedtextheightdiff=\dimen111
\IEEEilabelindentA=\dimen112
\IEEEilabelindentB=\dimen113
\IEEEilabelindent=\dimen114
\IEEEelabelindent=\dimen115
\IEEEdlabelindent=\dimen116
\IEEElabelindent=\dimen117
\IEEEiednormlabelsep=\dimen118
\IEEEiedmathlabelsep=\dimen119
\IEEEiedtopsep=\skip41
\c@section=\count82
\c@subsection=\count83
\c@subsubsection=\count84
\c@paragraph=\count85
\c@IEEEsubequation=\count86
\abovecaptionskip=\skip42
\belowcaptionskip=\skip43
\c@figure=\count87
\c@table=\count88
\@IEEEeqnnumcols=\count89
\@IEEEeqncolcnt=\count90
\@IEEEsubeqnnumrollback=\count91
\@IEEEquantizeheightA=\dimen120
\@IEEEquantizeheightB=\dimen121
\@IEEEquantizeheightC=\dimen122
\@IEEEquantizeprevdepth=\dimen123
\@IEEEquantizemultiple=\count92
\@IEEEquantizeboxA=\box26
\@IEEEtmpitemindent=\dimen124
\IEEEPARstartletwidth=\dimen125
\c@IEEEbiography=\count93
\@IEEEtranrubishbin=\box27
) (/usr/local/texlive/2017/texmf-dist/tex/latex/amsmath/amsmath.sty
Package: amsmath 2016/11/05 v2.16a AMS math features
\@mathmargin=\skip44

For additional information on amsmath, use the `?' option.
(/usr/local/texlive/2017/texmf-dist/tex/latex/amsmath/amstext.sty
Package: amstext 2000/06/29 v2.01 AMS text

(/usr/local/texlive/2017/texmf-dist/tex/latex/amsmath/amsgen.sty
File: amsgen.sty 1999/11/30 v2.0 generic functions
\@emptytoks=\toks15
\ex@=\dimen126
))
(/usr/local/texlive/2017/texmf-dist/tex/latex/amsmath/amsbsy.sty
Package: amsbsy 1999/11/29 v1.2d Bold Symbols
\pmbraise@=\dimen127
)
(/usr/local/texlive/2017/texmf-dist/tex/latex/amsmath/amsopn.sty
Package: amsopn 2016/03/08 v2.02 operator names
)
\inf@bad=\count94
LaTeX Info: Redefining \frac on input line 213.
\uproot@=\count95
\leftroot@=\count96
LaTeX Info: Redefining \overline on input line 375.
\classnum@=\count97
\DOTSCASE@=\count98
LaTeX Info: Redefining \ldots on input line 472.
LaTeX Info: Redefining \dots on input line 475.
LaTeX Info: Redefining \cdots on input line 596.
\Mathstrutbox@=\box28
\strutbox@=\box29
\big@size=\dimen128
LaTeX Font Info:    Redeclaring font encoding OML on input line 712.
LaTeX Font Info:    Redeclaring font encoding OMS on input line 713.
\macc@depth=\count99
\c@MaxMatrixCols=\count100
\dotsspace@=\muskip10
\c@parentequation=\count101
\dspbrk@lvl=\count102
\tag@help=\toks16
\row@=\count103
\column@=\count104
\maxfields@=\count105
\andhelp@=\toks17
\eqnshift@=\dimen129
\alignsep@=\dimen130
\tagshift@=\dimen131
\tagwidth@=\dimen132
\totwidth@=\dimen133
\lineht@=\dimen134
\@envbody=\toks18
\multlinegap=\skip45
\multlinetaggap=\skip46
\mathdisplay@stack=\toks19
LaTeX Info: Redefining \[ on input line 2817.
LaTeX Info: Redefining \] on input line 2818.
)
(/usr/local/texlive/2017/texmf-dist/tex/latex/amsfonts/amssymb.sty
Package: amssymb 2013/01/14 v3.01 AMS font symbols

(/usr/local/texlive/2017/texmf-dist/tex/latex/amsfonts/amsfonts.sty
Package: amsfonts 2013/01/14 v3.01 Basic AMSFonts support
\symAMSa=\mathgroup4
\symAMSb=\mathgroup5
LaTeX Font Info:    Overwriting math alphabet `\mathfrak' in version `bold'
(Font)                  U/euf/m/n --> U/euf/b/n on input line 106.
))
(/usr/local/texlive/2017/texmf-dist/tex/latex/amscls/amsthm.sty
Package: amsthm 2015/03/04 v2.20.2
\thm@style=\toks20
\thm@bodyfont=\toks21
\thm@headfont=\toks22
\thm@notefont=\toks23
\thm@headpunct=\toks24
\thm@preskip=\skip47
\thm@postskip=\skip48
\thm@headsep=\skip49
\dth@everypar=\toks25
)
\c@theorem=\count106
\c@lemma=\count107
\c@conjecture=\count108
\c@problem=\count109
\c@question=\count110
\c@proposition=\count111
\c@definition=\count112
\c@corollary=\count113
\c@remark=\count114
\c@example=\count115

(/usr/local/texlive/2017/texmf-dist/tex/latex/graphics/graphicx.sty
Package: graphicx 2014/10/28 v1.0g Enhanced LaTeX Graphics (DPC,SPQR)

(/usr/local/texlive/2017/texmf-dist/tex/latex/graphics/keyval.sty
Package: keyval 2014/10/28 v1.15 key=value parser (DPC)
\KV@toks@=\toks26
)
(/usr/local/texlive/2017/texmf-dist/tex/latex/graphics/graphics.sty
Package: graphics 2017/04/14 v1.1b Standard LaTeX Graphics (DPC,SPQR)

(/usr/local/texlive/2017/texmf-dist/tex/latex/graphics/trig.sty
Package: trig 2016/01/03 v1.10 sin cos tan (DPC)
)
(/usr/local/texlive/2017/texmf-dist/tex/latex/graphics-cfg/graphics.cfg
File: graphics.cfg 2016/06/04 v1.11 sample graphics configuration
)
Package graphics Info: Driver file: pdftex.def on input line 99.

(/usr/local/texlive/2017/texmf-dist/tex/latex/graphics-def/pdftex.def
File: pdftex.def 2017/01/12 v0.06k Graphics/color for pdfTeX

(/usr/local/texlive/2017/texmf-dist/tex/generic/oberdiek/infwarerr.sty
Package: infwarerr 2016/05/16 v1.4 Providing info/warning/error messages (HO)
)
(/usr/local/texlive/2017/texmf-dist/tex/generic/oberdiek/ltxcmds.sty
Package: ltxcmds 2016/05/16 v1.23 LaTeX kernel commands for general use (HO)
)
\Gread@gobject=\count116
))
\Gin@req@height=\dimen135
\Gin@req@width=\dimen136
)
(/usr/local/texlive/2017/texmf-dist/tex/latex/tools/array.sty
Package: array 2016/10/06 v2.4d Tabular extension package (FMi)
\col@sep=\dimen137
\extrarowheight=\dimen138
\NC@list=\toks27
\extratabsurround=\skip50
\backup@length=\skip51
)
(/usr/local/texlive/2017/texmf-dist/tex/latex/cite/cite.sty
LaTeX Info: Redefining \cite on input line 302.
LaTeX Info: Redefining \nocite on input line 332.
Package: cite 2015/02/27  v 5.5
)
(/usr/local/texlive/2017/texmf-dist/tex/latex/tools/bm.sty
Package: bm 2017/01/16 v1.2c Bold Symbol Support (DPC/FMi)
\symboldoperators=\mathgroup6
\symboldletters=\mathgroup7
\symboldsymbols=\mathgroup8
LaTeX Font Info:    Redeclaring math alphabet \mathbf on input line 141.
LaTeX Info: Redefining \bm on input line 207.
)
No file chazthm_ieee_trans_sig_CHAZ.aux.
\openout1 = `chazthm_ieee_trans_sig_CHAZ.aux'.

LaTeX Font Info:    Checking defaults for OML/cmm/m/it on input line 33.
LaTeX Font Info:    ... okay on input line 33.
LaTeX Font Info:    Checking defaults for T1/cmr/m/n on input line 33.
LaTeX Font Info:    ... okay on input line 33.
LaTeX Font Info:    Checking defaults for OT1/cmr/m/n on input line 33.
LaTeX Font Info:    ... okay on input line 33.
LaTeX Font Info:    Checking defaults for OMS/cmsy/m/n on input line 33.
LaTeX Font Info:    ... okay on input line 33.
LaTeX Font Info:    Checking defaults for OMX/cmex/m/n on input line 33.
LaTeX Font Info:    ... okay on input line 33.
LaTeX Font Info:    Checking defaults for U/cmr/m/n on input line 33.
LaTeX Font Info:    ... okay on input line 33.
-- Lines per column: 58 (exact).
(/usr/local/texlive/2017/texmf-dist/tex/context/base/mkii/supp-pdf.mkii
[Loading MPS to PDF converter (version 2006.09.02).]
\scratchcounter=\count117
\scratchdimen=\dimen139
\scratchbox=\box30
\nofMPsegments=\count118
\nofMParguments=\count119
\everyMPshowfont=\toks28
\MPscratchCnt=\count120
\MPscratchDim=\dimen140
\MPnumerator=\count121
\makeMPintoPDFobject=\count122
\everyMPtoPDFconversion=\toks29
) (/usr/local/texlive/2017/texmf-dist/tex/generic/oberdiek/pdftexcmds.sty
Package: pdftexcmds 2017/03/19 v0.25 Utility functions of pdfTeX for LuaTeX (HO
)

(/usr/local/texlive/2017/texmf-dist/tex/generic/oberdiek/ifluatex.sty
Package: ifluatex 2016/05/16 v1.4 Provides the ifluatex switch (HO)
Package ifluatex Info: LuaTeX not detected.
)
(/usr/local/texlive/2017/texmf-dist/tex/generic/oberdiek/ifpdf.sty
Package: ifpdf 2017/03/15 v3.2 Provides the ifpdf switch
)
Package pdftexcmds Info: LuaTeX not detected.
Package pdftexcmds Info: \pdf@primitive is available.
Package pdftexcmds Info: \pdf@ifprimitive is available.
Package pdftexcmds Info: \pdfdraftmode found.
)
(/usr/local/texlive/2017/texmf-dist/tex/latex/oberdiek/epstopdf-base.sty
Package: epstopdf-base 2016/05/15 v2.6 Base part for package epstopdf

(/usr/local/texlive/2017/texmf-dist/tex/latex/oberdiek/grfext.sty
Package: grfext 2016/05/16 v1.2 Manage graphics extensions (HO)

(/usr/local/texlive/2017/texmf-dist/tex/generic/oberdiek/kvdefinekeys.sty
Package: kvdefinekeys 2016/05/16 v1.4 Define keys (HO)
))
(/usr/local/texlive/2017/texmf-dist/tex/latex/oberdiek/kvoptions.sty
Package: kvoptions 2016/05/16 v3.12 Key value format for package options (HO)

(/usr/local/texlive/2017/texmf-dist/tex/generic/oberdiek/kvsetkeys.sty
Package: kvsetkeys 2016/05/16 v1.17 Key value parser (HO)

(/usr/local/texlive/2017/texmf-dist/tex/generic/oberdiek/etexcmds.sty
Package: etexcmds 2016/05/16 v1.6 Avoid name clashes with e-TeX commands (HO)
Package etexcmds Info: Could not find \expanded.
(etexcmds)             That can mean that you are not using pdfTeX 1.50 or
(etexcmds)             that some package has redefined \expanded.
(etexcmds)             In the latter case, load this package earlier.
)))
Package epstopdf-base Info: Redefining graphics rule for `.eps' on input line 4
38.
Package grfext Info: Graphics extension search list:
(grfext)             [.png,.pdf,.jpg,.mps,.jpeg,.jbig2,.jb2,.PNG,.PDF,.JPG,.JPE
G,.JBIG2,.JB2,.eps]
(grfext)             \AppendGraphicsExtensions on input line 456.

(/usr/local/texlive/2017/texmf-dist/tex/latex/latexconfig/epstopdf-sys.cfg
File: epstopdf-sys.cfg 2010/07/13 v1.3 Configuration of (r)epstopdf for TeX Liv
e
))
LaTeX Font Info:    Try loading font information for U+msa on input line 65.

(/usr/local/texlive/2017/texmf-dist/tex/latex/amsfonts/umsa.fd
File: umsa.fd 2013/01/14 v3.01 AMS symbols A
)
LaTeX Font Info:    Try loading font information for U+msb on input line 65.

(/usr/local/texlive/2017/texmf-dist/tex/latex/amsfonts/umsb.fd
File: umsb.fd 2013/01/14 v3.01 AMS symbols B
)

LaTeX Warning: Citation `Zhang15' on page 1 undefined on input line 65.


LaTeX Warning: Citation `wang2015sparse' on page 1 undefined on input line 65.


LaTeX Warning: Citation `Olshausen96' on page 1 undefined on input line 65.


LaTeX Warning: Citation `hurri1996image' on page 1 undefined on input line 65.


LaTeX Warning: Citation `bell1997independent' on page 1 undefined on input line
 65.


LaTeX Warning: Citation `van1998independent' on page 1 undefined on input line 
65.


LaTeX Warning: Citation `donoho2001can' on page 1 undefined on input line 65.


LaTeX Warning: Citation `Isely10' on page 1 undefined on input line 67.


LaTeX Warning: Citation `hughes2010' on page 1 undefined on input line 67.


LaTeX Warning: Citation `Sun16' on page 1 undefined on input line 67.


Package amsmath Warning: Foreign command \atopwithdelims;
(amsmath)                \frac or \genfrac should be used instead
(amsmath)                 on input line 75.


LaTeX Warning: Reference `DeterministicUniquenessTheorem' on page 1 undefined o
n input line 75.


LaTeX Warning: Reference `InverseProblem' on page 1 undefined on input line 81.



LaTeX Warning: Citation `Hadamard1902' on page 1 undefined on input line 81.


LaTeX Warning: Reference `ProbabilisticCor' on page 1 undefined on input line 8
1.


LaTeX Warning: Reference `InverseProblem' on page 1 undefined on input line 83.



LaTeX Warning: Citation `li2004analysis' on page 1 undefined on input line 83.


LaTeX Warning: Citation `Georgiev05' on page 1 undefined on input line 83.


LaTeX Warning: Citation `Aharon06' on page 1 undefined on input line 83.


LaTeX Warning: Citation `Hillar15' on page 1 undefined on input line 83.


LaTeX Warning: Reference `InverseProblem' on page 1 undefined on input line 83.



Underfull \hbox (badness 4181) in paragraph at lines 83--84
\OT1/ptm/m/n/10 re-sents an in-fin-ity of equiv-a-lent so-lu-tions $[]$ and
 []

[1{/usr/local/texlive/2017/texmf-var/fonts/map/pdftex/updmap/pdftex.map}


]

LaTeX Warning: Reference `maindef' on page 2 undefined on input line 102.


LaTeX Warning: Reference `InverseProblem' on page 2 undefined on input line 102
.


LaTeX Warning: Reference `def1' on page 2 undefined on input line 102.


LaTeX Warning: Reference `LinearModel' on page 2 undefined on input line 102.


LaTeX Warning: Reference `InverseProblem' on page 2 undefined on input line 102
.


LaTeX Warning: Reference `DeterministicUniquenessTheorem' on page 2 undefined o
n input line 104.


LaTeX Warning: Reference `DUT' on page 2 undefined on input line 104.


LaTeX Warning: Reference `MainLemma' on page 2 undefined on input line 104.


LaTeX Warning: Reference `SLCopt' on page 2 undefined on input line 104.


LaTeX Warning: Reference `DeterministicUniquenessTheorem' on page 2 undefined o
n input line 113.


LaTeX Warning: Reference `robustPolythm' on page 2 undefined on input line 113.



LaTeX Warning: Reference `ProbabilisticCor' on page 2 undefined on input line 1
13.


LaTeX Warning: Reference `Discussion' on page 2 undefined on input line 113.


Underfull \hbox (badness 1789) in paragraph at lines 113--114
[]\OT1/ptm/m/n/10 We then sketch proofs of prob-a-bilis-tic ex-ten-sions of
 []


LaTeX Warning: Citation `Grcar10' on page 2 undefined on input line 123.


LaTeX Warning: Reference `SparkCondition' on page 2 undefined on input line 123
.


LaTeX Warning: Citation `vidal2005generalized' on page 2 undefined on input lin
e 125.


LaTeX Warning: Citation `Blanchard2011' on page 2 undefined on input line 141.


LaTeX Warning: Reference `SparkCondition' on page 2 undefined on input line 141
.


LaTeX Warning: Reference `Cdef1' on page 2 undefined on input line 145.


LaTeX Warning: Reference `Cstable' on page 2 undefined on input line 152.


LaTeX Warning: Reference `SparkCondition' on page 2 undefined on input line 161
.


Overfull \hbox (1.31836pt too wide) in paragraph at lines 165--165
[] 
 []


LaTeX Warning: Reference `DeterministicUniquenessTheorem' on page 2 undefined o
n input line 172.


LaTeX Warning: Reference `def1' on page 2 undefined on input line 172.


LaTeX Warning: Reference `maindef' on page 2 undefined on input line 172.

[2]

LaTeX Warning: Reference `DeterministicUniquenessTheorem' on page 3 undefined o
n input line 177.


LaTeX Warning: Reference `epsdel' on page 3 undefined on input line 189.


LaTeX Warning: Reference `DeterministicUniquenessCorollary' on page 3 undefined
 on input line 193.


LaTeX Warning: Reference `DeterministicUniquenessTheorem' on page 3 undefined o
n input line 195.


LaTeX Warning: Reference `InverseProblem' on page 3 undefined on input line 195
.


LaTeX Warning: Reference `DeterministicUniquenessTheorem' on page 3 undefined o
n input line 195.


LaTeX Warning: Reference `SparkCondition' on page 3 undefined on input line 210
.


LaTeX Warning: Reference `DeterministicUniquenessTheorem' on page 3 undefined o
n input line 210.


LaTeX Warning: Reference `Cstable' on page 3 undefined on input line 210.


LaTeX Warning: Reference `SparkCondition' on page 3 undefined on input line 210
.


LaTeX Warning: Reference `DeterministicUniquenessTheorem' on page 3 undefined o
n input line 213.


LaTeX Warning: Reference `SLCopt' on page 3 undefined on input line 213.


LaTeX Warning: Reference `DeterministicUniquenessTheorem' on page 3 undefined o
n input line 216.


LaTeX Warning: Reference `OptimizationProblem' on page 3 undefined on input lin
e 216.


LaTeX Warning: Reference `Cstable' on page 3 undefined on input line 216.


LaTeX Warning: Reference `b-PDa' on page 3 undefined on input line 216.


LaTeX Warning: Reference `DeterministicUniquenessTheorem' on page 3 undefined o
n input line 216.


LaTeX Warning: Reference `DeterministicUniquenessTheorem' on page 3 undefined o
n input line 219.


LaTeX Warning: Reference `SparkCondition' on page 3 undefined on input line 219
.


LaTeX Warning: Citation `tillmann2014computational' on page 3 undefined on inpu
t line 224.


LaTeX Warning: Reference `SparkCondition' on page 3 undefined on input line 226
.


LaTeX Warning: Citation `Hillar15' on page 3 undefined on input line 237.


LaTeX Warning: Reference `maindef' on page 3 undefined on input line 240.


LaTeX Warning: Citation `Isely10' on page 3 undefined on input line 249.


LaTeX Warning: Reference `DeterministicUniquenessTheorem' on page 3 undefined o
n input line 252.


LaTeX Warning: Reference `SLCopt' on page 3 undefined on input line 252.


LaTeX Warning: Citation `rehnsommer2007' on page 3 undefined on input line 252.



LaTeX Warning: Citation `rozell2007neurally' on page 3 undefined on input line 
252.


LaTeX Warning: Citation `pehlevan2015normative' on page 3 undefined on input li
ne 252.


LaTeX Warning: Reference `epsdel' on page 3 undefined on input line 256.


LaTeX Warning: Citation `arias2013fundamental' on page 3 undefined on input lin
e 256.


LaTeX Warning: Reference `DeterministicUniquenessTheorem' on page 3 undefined o
n input line 256.


LaTeX Warning: Citation `tillmann2014computational' on page 3 undefined on inpu
t line 256.


LaTeX Warning: Citation `Tillmann15' on page 3 undefined on input line 256.

[3]

LaTeX Warning: Reference `DeterministicUniquenessTheorem' on page 4 undefined o
n input line 282.


LaTeX Warning: Reference `Cstable' on page 4 undefined on input line 282.


LaTeX Warning: Reference `b-PDa' on page 4 undefined on input line 282.


LaTeX Warning: Reference `SparkCondition' on page 4 undefined on input line 282
.


LaTeX Warning: Reference `b-PDa' on page 4 undefined on input line 290.


LaTeX Warning: Reference `Cstable' on page 4 undefined on input line 298.


LaTeX Warning: Reference `DeterministicUniquenessCorollary' on page 4 undefined
 on input line 300.


LaTeX Warning: Reference `SparkCondition' on page 4 undefined on input line 303
.


LaTeX Warning: Reference `1D' on page 4 undefined on input line 315.


LaTeX Warning: Reference `dDef' on page 4 undefined on input line 325.


LaTeX Warning: Reference `FriedrichsDefinition' on page 4 undefined on input li
ne 325.


LaTeX Warning: Reference `MainLemma' on page 4 undefined on input line 325.


LaTeX Warning: Citation `Kato2013' on page 4 undefined on input line 334.


LaTeX Warning: Citation `Morris10' on page 4 undefined on input line 338.


LaTeX Warning: Reference `DeterministicUniquenessTheorem' on page 4 undefined o
n input line 372.


Underfull \hbox (badness 10000) in paragraph at lines 372--372
[][][]\OT1/ptm/m/n/8 Note that $\OMS/cmsy/m/n/8 k[][]\OT1/cmr/bx/n/8 c\OMS/cmsy
/m/n/8 k[] ^^U []\OML/cmm/m/it/8 L[]\OT1/cmr/m/n/8 (\OT1/cmr/bx/n/8 A\OT1/cmr/m
/n/8 )\OMS/cmsy/m/n/8 k\OT1/cmr/bx/n/8 X[]c\OMS/cmsy/m/n/8 k[] ^^U
 []


Underfull \hbox (badness 2828) in paragraph at lines 372--372
\OML/cmm/m/it/8 kL[]\OT1/cmr/m/n/8 (\OT1/cmr/bx/n/8 A\OT1/cmr/m/n/8 )\OML/cmm/m
/it/8 L[]\OT1/cmr/m/n/8 (\OT1/cmr/bx/n/8 X[]\OT1/cmr/m/n/8 )\OMS/cmsy/m/n/8 k\O
T1/cmr/bx/n/8 c\OMS/cmsy/m/n/8 k[]$ \OT1/ptm/m/n/8 for $\OML/cmm/m/it/8 S \OMS/
cmsy/m/n/8 2 H$ \OT1/ptm/m/n/8 and $\OML/cmm/m/it/8 k$\OT1/ptm/m/n/8 -sparse $\
OT1/cmr/bx/n/8 c$\OT1/ptm/m/n/8 . There-fore,
 []


LaTeX Warning: Citation `Deutsch12' on page 4 undefined on input line 378.


LaTeX Warning: Reference `DistanceToIntersectionLemma' on page 4 undefined on i
nput line 379.


LaTeX Warning: Citation `Deutsch12' on page 4 undefined on input line 389.


LaTeX Warning: Reference `MainLemma' on page 4 undefined on input line 395.

[4]

LaTeX Warning: Reference `Cdef1' on page 5 undefined on input line 400.


LaTeX Warning: Citation `tillmann2014computational' on page 5 undefined on inpu
t line 402.


LaTeX Warning: Reference `DeterministicUniquenessCorollary' on page 5 undefined
 on input line 404.


LaTeX Warning: Reference `MainLemma' on page 5 undefined on input line 405.


Underfull \hbox (badness 2744) in paragraph at lines 411--412
\OT1/cmr/m/n/10 (\OML/cmm/m/it/10 c[]; [] ; c[]\OT1/cmr/m/n/10 ) \OMS/cmsy/m/n/
10 2 \U/msb/m/n/10 R[]$ \OT1/ptm/m/n/10 such that $\OT1/cmr/bx/n/10 y \OT1/cmr/
m/n/10 = [][]\OT1/cmr/bx/n/10 c$\OT1/ptm/m/n/10 . Set-ting
 []


LaTeX Warning: Reference `Ldef' on page 5 undefined on input line 419.


LaTeX Warning: Reference `dDef' on page 5 undefined on input line 419.


LaTeX Warning: Reference `Cdef1' on page 5 undefined on input line 425.


LaTeX Warning: Reference `MainLemma' on page 5 undefined on input line 425.


Underfull \hbox (badness 2538) in paragraph at lines 423--426
\OT1/ptm/m/n/10 where the sec-ond in-equal-ity is due to $\OML/cmm/m/it/10 L[]\
OT1/cmr/m/n/10 ([][]) \OMS/cmsy/m/n/10 ^^U
 []


LaTeX Warning: Reference `SLCopt' on page 5 undefined on input line 428.


LaTeX Warning: Reference `DeterministicUniquenessCorollary' on page 5 undefined
 on input line 429.


LaTeX Warning: Reference `minsum' on page 5 undefined on input line 432.


Underfull \hbox (badness 10000) in paragraph at lines 429--435
[]
 []


LaTeX Warning: Reference `rhs222' on page 5 undefined on input line 441.


LaTeX Warning: Reference `rhs222' on page 5 undefined on input line 441.


LaTeX Warning: Reference `dimLem' on page 5 undefined on input line 441.


LaTeX Warning: Reference `eqn' on page 5 undefined on input line 443.


LaTeX Warning: Reference `DeterministicUniquenessCorollary' on page 5 undefined
 on input line 443.


LaTeX Warning: Reference `robustPolythm' on page 5 undefined on input line 446.



LaTeX Warning: Reference `Results' on page 5 undefined on input line 447.


LaTeX Warning: Reference `DeterministicUniquenessTheorem' on page 5 undefined o
n input line 448.


LaTeX Warning: Reference `SparkCondition' on page 5 undefined on input line 448
.


Underfull \hbox (badness 10000) in paragraph at lines 447--449
[]\OT1/ptm/m/n/10 Let $[]$ be the ma-trix with
 []


Underfull \hbox (badness 6792) in paragraph at lines 447--449
\OT1/ptm/m/n/10 columns $\OT1/cmr/bx/n/10 Ax[]$\OT1/ptm/m/n/10 , $\OML/cmm/m/it
/10 i \OMS/cmsy/m/n/10 2 \OT1/cmr/m/n/10 [\OML/cmm/m/it/10 N\OT1/cmr/m/n/10 ]$\
OT1/ptm/m/n/10 . Con-sider the poly-no-mial
 []


Underfull \hbox (badness 10000) in paragraph at lines 447--449
[][] [][]\OT1/cmr/m/n/10 ([] [][])[]$ \OT1/ptm/m/n/10 in the in-de-ter-mi-nate
 []


LaTeX Warning: Reference `ProbabilisticCor' on page 5 undefined on input line 4
51.


LaTeX Warning: Reference `robustPolythm' on page 5 undefined on input line 453.



LaTeX Warning: Reference `OptimizationProblem' on page 5 undefined on input lin
e 460.


LaTeX Warning: Reference `InverseProblem' on page 5 undefined on input line 460
.


LaTeX Warning: Reference `DeterministicUniquenessTheorem' on page 5 undefined o
n input line 460.


LaTeX Warning: Reference `DeterministicUniquenessTheorem' on page 5 undefined o
n input line 460.


LaTeX Warning: Reference `OptimizationProblem' on page 5 undefined on input lin
e 460.

[5]

LaTeX Warning: Reference `neuroprop' on page 6 undefined on input line 462.


LaTeX Warning: Citation `Isely10' on page 6 undefined on input line 462.


LaTeX Warning: Citation `ganguli2012compressed' on page 6 undefined on input li
ne 462.


Underfull \hbox (badness 1817) in paragraph at lines 462--463
[]\OT1/ptm/m/n/10 An im-me-di-ate ap-pli-ca-tion of our the-o-ret-i-cal work is

 []


Underfull \hbox (badness 2865) in paragraph at lines 462--463
\OT1/ptm/m/n/10 Prop. [], which cer-ti-fies the va-lid-ity of a the-ory of
 []


LaTeX Warning: Citation `Hillar15' on page 6 undefined on input line 472.


LaTeX Warning: Reference `OptimizationProblem' on page 6 undefined on input lin
e 472.


LaTeX Warning: Reference `MainLemma' on page 6 undefined on input line 472.


LaTeX Warning: Reference `DeterministicUniquenessTheorem' on page 6 undefined o
n input line 474.


LaTeX Warning: Reference `InverseProblem' on page 6 undefined on input line 474
.


LaTeX Warning: Reference `SparkCondition' on page 6 undefined on input line 474
.


LaTeX Warning: Citation `Hillar15' on page 6 undefined on input line 474.


LaTeX Warning: Citation `tillmann2014computational' on page 6 undefined on inpu
t line 474.


LaTeX Warning: Citation `lustig2008compressed' on page 6 undefined on input lin
e 476.


LaTeX Warning: Citation `Duarte08' on page 6 undefined on input line 476.


LaTeX Warning: Citation `Gao14' on page 6 undefined on input line 476.


LaTeX Warning: Citation `kong2016prior' on page 6 undefined on input line 476.


LaTeX Warning: Citation `jung2001imaging' on page 6 undefined on input line 476
.


LaTeX Warning: Citation `Agarwal14' on page 6 undefined on input line 476.


LaTeX Warning: Citation `lee2016sparse' on page 6 undefined on input line 476.


LaTeX Warning: Citation `wu2016stability' on page 6 undefined on input line 476
.


LaTeX Warning: Citation `goodfellow2014explaining' on page 6 undefined on input
 line 476.


LaTeX Warning: Reference `eqdim' on page 6 undefined on input line 478.

No file chazthm_ieee_trans_sig_CHAZ.bbl.

LaTeX Warning: Reference `MainLemma' on page 6 undefined on input line 498.


Underfull \vbox (badness 2426) has occurred while \output is active []



LaTeX Warning: Reference `dDef' on page 6 undefined on input line 527.


LaTeX Warning: Reference `FriedrichsDefinition' on page 6 undefined on input li
ne 527.


Overfull \hbox (2.80176pt too wide) in paragraph at lines 540--540
[] 
 []


LaTeX Warning: Reference `DTILeq' on page 6 undefined on input line 543.


LaTeX Warning: Citation `Deutsch12' on page 6 undefined on input line 543.


LaTeX Warning: Reference `FriedrichsDefinition' on page 6 undefined on input li
ne 547.


LaTeX Warning: Reference `f' on page 6 undefined on input line 550.


LaTeX Warning: Reference `DTILeq' on page 6 undefined on input line 550.


LaTeX Warning: Reference `cond' on page 6 undefined on input line 561.

[6]

LaTeX Warning: Reference `cond' on page 7 undefined on input line 563.


LaTeX Warning: Reference `cond' on page 7 undefined on input line 563.


LaTeX Warning: Reference `MainLemma' on page 7 undefined on input line 566.


LaTeX Warning: Reference `Ldef' on page 7 undefined on input line 568.


LaTeX Warning: Reference `GapUpperBound' on page 7 undefined on input line 568.



LaTeX Warning: Reference `dimLem' on page 7 undefined on input line 568.


LaTeX Warning: Reference `cond' on page 7 undefined on input line 570.


LaTeX Warning: Reference `dimLem' on page 7 undefined on input line 570.


LaTeX Warning: Reference `spanIntersectionLemma' on page 7 undefined on input l
ine 571.


LaTeX Warning: Reference `dDef' on page 7 undefined on input line 571.


LaTeX Warning: Reference `DistanceToIntersectionLemma' on page 7 undefined on i
nput line 571.


LaTeX Warning: Reference `eqdim' on page 7 undefined on input line 577.


LaTeX Warning: Reference `NonEmptyLemma' on page 7 undefined on input line 597.



LaTeX Warning: Reference `eqdim' on page 7 undefined on input line 597.


LaTeX Warning: Reference `last' on page 7 undefined on input line 597.


LaTeX Warning: Reference `dDef' on page 7 undefined on input line 598.


LaTeX Warning: Reference `1D' on page 7 undefined on input line 608.


LaTeX Warning: Reference `DUT' on page 7 undefined on input line 608.

[7] (./chazthm_ieee_trans_sig_CHAZ.aux)

LaTeX Warning: There were undefined references.


LaTeX Warning: Label(s) may have changed. Rerun to get cross-references right.

 ) 
Here is how much of TeX's memory you used:
 3652 strings out of 492995
 53808 string characters out of 6132704
 134548 words of memory out of 5000000
 7138 multiletter control sequences out of 15000+600000
 50530 words of font info for 106 fonts, out of 8000000 for 9000
 1141 hyphenation exceptions out of 8191
 39i,15n,26p,1524b,247s stack positions out of 5000i,500n,10000p,200000b,80000s
{/usr/local/texlive/2017/texmf-dist/fonts/enc/dvips/base/8r.enc}</usr/local/t
exlive/2017/texmf-dist/fonts/type1/public/amsfonts/cm/cmbsy10.pfb></usr/local/t
exlive/2017/texmf-dist/fonts/type1/public/amsfonts/cmextra/cmbsy8.pfb></usr/loc
al/texlive/2017/texmf-dist/fonts/type1/public/amsfonts/cm/cmbx10.pfb></usr/loca
l/texlive/2017/texmf-dist/fonts/type1/public/amsfonts/cm/cmbx7.pfb></usr/local/
texlive/2017/texmf-dist/fonts/type1/public/amsfonts/cm/cmbx8.pfb></usr/local/te
xlive/2017/texmf-dist/fonts/type1/public/amsfonts/cm/cmex10.pfb></usr/local/tex
live/2017/texmf-dist/fonts/type1/public/amsfonts/cmextra/cmex8.pfb></usr/local/
texlive/2017/texmf-dist/fonts/type1/public/amsfonts/cm/cmmi10.pfb></usr/local/t
exlive/2017/texmf-dist/fonts/type1/public/amsfonts/cm/cmmi5.pfb></usr/local/tex
live/2017/texmf-dist/fonts/type1/public/amsfonts/cm/cmmi6.pfb></usr/local/texli
ve/2017/texmf-dist/fonts/type1/public/amsfonts/cm/cmmi7.pfb></usr/local/texlive
/2017/texmf-dist/fonts/type1/public/amsfonts/cm/cmmi8.pfb></usr/local/texlive/2
017/texmf-dist/fonts/type1/public/amsfonts/cm/cmr10.pfb></usr/local/texlive/201
7/texmf-dist/fonts/type1/public/amsfonts/cm/cmr5.pfb></usr/local/texlive/2017/t
exmf-dist/fonts/type1/public/amsfonts/cm/cmr6.pfb></usr/local/texlive/2017/texm
f-dist/fonts/type1/public/amsfonts/cm/cmr7.pfb></usr/local/texlive/2017/texmf-d
ist/fonts/type1/public/amsfonts/cm/cmr8.pfb></usr/local/texlive/2017/texmf-dist
/fonts/type1/public/amsfonts/cm/cmsy10.pfb></usr/local/texlive/2017/texmf-dist/
fonts/type1/public/amsfonts/cm/cmsy5.pfb></usr/local/texlive/2017/texmf-dist/fo
nts/type1/public/amsfonts/cm/cmsy6.pfb></usr/local/texlive/2017/texmf-dist/font
s/type1/public/amsfonts/cm/cmsy7.pfb></usr/local/texlive/2017/texmf-dist/fonts/
type1/public/amsfonts/cm/cmsy8.pfb></usr/local/texlive/2017/texmf-dist/fonts/ty
pe1/public/amsfonts/symbols/msbm10.pfb></usr/local/texlive/2017/texmf-dist/font
s/type1/public/amsfonts/symbols/msbm7.pfb></usr/local/texlive/2017/texmf-dist/f
onts/type1/urw/times/utmb8a.pfb></usr/local/texlive/2017/texmf-dist/fonts/type1
/urw/times/utmbi8a.pfb></usr/local/texlive/2017/texmf-dist/fonts/type1/urw/time
s/utmr8a.pfb></usr/local/texlive/2017/texmf-dist/fonts/type1/urw/times/utmri8a.
pfb>
Output written on chazthm_ieee_trans_sig_CHAZ.pdf (7 pages, 328417 bytes).
PDF statistics:
 142 PDF objects out of 1000 (max. 8388607)
 103 compressed objects within 2 object streams
 0 named destinations out of 1000 (max. 500000)
 1 words of extra memory for PDF output out of 10000 (max. 10000000)

